<?xml version="1.0" encoding="UTF-8"?>
<!-- Generated by org.testng.reporters.JUnitReportReporter -->
<testsuite hostname="W-PF3NZE1V" failures="0" tests="2" name="testcases.FeatureTest" time="19.926" errors="0" timestamp="2022-09-09T17:35:12 IST" skipped="0">
  <testcase classname="testcases.FeatureTest" name="test_apps" time="8.239"/>
  <system-out>
    <![CDATA[https://www.facebook.com/
Facebook – log in or sign up]]>
  </system-out>
  <testcase classname="testcases.FeatureTest" name="test_apps" time="11.687"/>
  <system-out>
    <![CDATA[https://www.facebook.com/
Facebook – log in or sign up]]>
  </system-out>
</testsuite> <!-- testcases.FeatureTest -->
